Using pre-set license
Built from '2021.3/staging' branch; Version is '2021.3.2f1 (d6360bedb9a0) revision 14038539'; Using compiler version '192829333'; Build Type 'Release'
OS: 'Windows 10  (10.0.14393) 64bit EnterpriseS' Language: 'ru' Physical Memory: 16375 MB
BatchMode: 1, IsHumanControllingUs: 0, StartBugReporterOnCrash: 0, Is64bit: 1, IsPro: 1

COMMAND LINE ARGUMENTS:
D:\NFT\2021.3.2f1\Editor\Unity.exe
-adb2
-batchMode
-noUpm
-name
AssetImportWorker0
-projectPath
D:/Clicker/Clicker
-logFile
Logs/AssetImportWorker0.log
-srvPort
62402
Successfully changed project path to: D:/Clicker/Clicker
D:/Clicker/Clicker
[UnityMemory] Configuration Parameters - Can be set up in boot.config
    "memorysetup-bucket-allocator-granularity=16"
    "memorysetup-bucket-allocator-bucket-count=8"
    "memorysetup-bucket-allocator-block-size=33554432"
    "memorysetup-bucket-allocator-block-count=8"
    "memorysetup-main-allocator-block-size=16777216"
    "memorysetup-thread-allocator-block-size=16777216"
    "memorysetup-gfx-main-allocator-block-size=16777216"
    "memorysetup-gfx-thread-allocator-block-size=16777216"
    "memorysetup-cache-allocator-block-size=4194304"
    "memorysetup-typetree-allocator-block-size=2097152"
    "memorysetup-profiler-bucket-allocator-granularity=16"
    "memorysetup-profiler-bucket-allocator-bucket-count=8"
    "memorysetup-profiler-bucket-allocator-block-size=33554432"
    "memorysetup-profiler-bucket-allocator-block-count=8"
    "memorysetup-profiler-allocator-block-size=16777216"
    "memorysetup-profiler-editor-allocator-block-size=1048576"
    "memorysetup-temp-allocator-size-main=16777216"
    "memorysetup-job-temp-allocator-block-size=2097152"
    "memorysetup-job-temp-allocator-block-size-background=1048576"
    "memorysetup-job-temp-allocator-reduction-small-platforms=262144"
    "memorysetup-temp-allocator-size-background-worker=32768"
    "memorysetup-temp-allocator-size-job-worker=262144"
    "memorysetup-temp-allocator-size-preload-manager=33554432"
    "memorysetup-temp-allocator-size-nav-mesh-worker=65536"
    "memorysetup-temp-allocator-size-audio-worker=65536"
    "memorysetup-temp-allocator-size-cloud-worker=32768"
    "memorysetup-temp-allocator-size-gi-baking-worker=262144"
    "memorysetup-temp-allocator-size-gfx=262144"
Refreshing native plugins compatible for Editor in 207.74 ms, found 6 plugins.
Preloading 0 native plugins for Editor in 0.00 ms.
Initialize engine version: 2021.3.2f1 (d6360bedb9a0)
[Subsystems] Discovering subsystems at path D:/NFT/2021.3.2f1/Editor/Data/Resources/UnitySubsystems
[Subsystems] Discovering subsystems at path D:/Clicker/Clicker/Assets
GfxDevice: creating device client; threaded=0; jobified=0
Direct3D:
    Version:  Direct3D 11.0 [level 10.0]
    Renderer: NVIDIA GeForce GTX 285 (ID=0x5e3)
    Vendor:   NVIDIA
    VRAM:     991 MB
    Driver:   21.21.13.4201
Could not load symbol clCreateImage : Не найдена указанная процедура.

Could not load symbol clEnqueueFillBuffer : Не найдена указанная процедура.

Could not load symbol clEnqueueFillImage : Не найдена указанная процедура.

Could not load symbol clEnqueueMarkerWithWaitList : Не найдена указанная процедура.

Could not load symbol clGetExtensionFunctionAddressForPlatform : Не найдена указанная процедура.

Could not load symbol clUnloadPlatformCompiler : Не найдена указанная процедура.

Could not load symbol clCreateFromGLTexture : Не найдена указанная процедура.

Initialize mono
Mono path[0] = 'D:/NFT/2021.3.2f1/Editor/Data/Managed'
Mono path[1] = 'D:/NFT/2021.3.2f1/Editor/Data/MonoBleedingEdge/lib/mono/unityjit-win32'
Mono config path = 'D:/NFT/2021.3.2f1/Editor/Data/MonoBleedingEdge/etc'
Using monoOptions --debugger-agent=transport=dt_socket,embedding=1,server=y,suspend=n,address=127.0.0.1:56028
Begin MonoManager ReloadAssembly
Registering precompiled unity dll's ...
Register platform support module: D:/NFT/2021.3.2f1/Editor/Data/PlaybackEngines/AndroidPlayer/UnityEditor.Android.Extensions.dll
Register platform support module: D:/NFT/2021.3.2f1/Editor/Data/PlaybackEngines/WindowsStandaloneSupport/UnityEditor.WindowsStandalone.Extensions.dll
Registered in 0.002931 seconds.
Native extension for WindowsStandalone target not found
Native extension for Android target not found
Refreshing native plugins compatible for Editor in 185.65 ms, found 6 plugins.
Preloading 0 native plugins for Editor in 0.00 ms.
Mono: successfully reloaded assembly
- Completed reload, in  1.040 seconds
Domain Reload Profiling:
	ReloadAssembly (1041ms)
		BeginReloadAssembly (99ms)
			ExecutionOrderSort (0ms)
			DisableScriptedObjects (0ms)
			BackupInstance (0ms)
			ReleaseScriptingObjects (0ms)
			CreateAndSetChildDomain (1ms)
		EndReloadAssembly (792ms)
			LoadAssemblies (98ms)
			RebuildTransferFunctionScriptingTraits (0ms)
			SetupTypeCache (162ms)
			ReleaseScriptCaches (0ms)
			RebuildScriptCaches (48ms)
			SetupLoadedEditorAssemblies (505ms)
				LogAssemblyErrors (0ms)
				InitializePlatformSupportModulesInManaged (84ms)
				SetLoadedEditorAssemblies (0ms)
				RefreshPlugins (186ms)
				BeforeProcessingInitializeOnLoad (2ms)
				ProcessInitializeOnLoadAttributes (161ms)
				ProcessInitializeOnLoadMethodAttributes (71ms)
				AfterProcessingInitializeOnLoad (0ms)
				EditorAssembliesLoaded (0ms)
			ExecutionOrderSort2 (0ms)
			AwakeInstancesAfterBackupRestoration (0ms)
Platform modules already initialized, skipping
Registering precompiled user dll's ...
Registered in 0.010316 seconds.
Begin MonoManager ReloadAssembly
Symbol file LoadedFromMemory doesn't match image D:\Clicker\Clicker\Library\PackageCache\com.unity.visualscripting@1.8.0\Editor\VisualScripting.Core\Dependencies\DotNetZip\Unity.VisualScripting.IonicZip.dll
Symbol file LoadedFromMemory doesn't match image D:\Clicker\Clicker\Library\PackageCache\com.unity.visualscripting@1.8.0\Editor\VisualScripting.Core\Dependencies\YamlDotNet\Unity.VisualScripting.YamlDotNet.dll
Native extension for WindowsStandalone target not found
Native extension for Android target not found
Refreshing native plugins compatible for Editor in 185.08 ms, found 6 plugins.
Preloading 0 native plugins for Editor in 0.00 ms.
System.Exception: Error! Visual Scripting: couldn't find visual scripting package
  at Unity.VisualScripting.PackageVersionUtility.get_version () [0x00043] in D:\Clicker\Clicker\Library\PackageCache\com.unity.visualscripting@1.8.0\Editor\VisualScripting.Core\Utilities\PackageVersionUtility.cs:31 
  at Unity.VisualScripting.BoltCoreManifest.get_version () [0x00000] in D:\Clicker\Clicker\Library\PackageCache\com.unity.visualscripting@1.8.0\Editor\VisualScripting.Core\Plugin\BoltCoreManifest.cs:11 
  at Unity.VisualScripting.PluginManifest.get_currentVersion () [0x00000] in D:\Clicker\Clicker\Library\PackageCache\com.unity.visualscripting@1.8.0\Editor\VisualScripting.Core\Plugins\PluginManifest.cs:33 
  at Unity.VisualScripting.PluginManifest.get_versionMismatch () [0x00000] in D:\Clicker\Clicker\Library\PackageCache\com.unity.visualscripting@1.8.0\Editor\VisualScripting.Core\Plugins\PluginManifest.cs:48 
  at Unity.VisualScripting.PluginContainer.Initialize () [0x00525] in D:\Clicker\Clicker\Library\PackageCache\com.unity.visualscripting@1.8.0\Editor\VisualScripting.Core\Plugins\PluginContainer.cs:208 
  at Unity.VisualScripting.PluginContainer.InitializeOnLoad () [0x00009] in D:\Clicker\Clicker\Library\PackageCache\com.unity.visualscripting@1.8.0\Editor\VisualScripting.Core\Plugins\PluginContainer.cs:32 
  at Unity.VisualScripting.VSUsageUtility.DoInitializeOnLoadCalls () [0x00034] in D:\Clicker\Clicker\Library\PackageCache\com.unity.visualscripting@1.8.0\Editor\VisualScripting.Core\Utilities\VSUsageUtility.cs:76 
  at Unity.VisualScripting.VSUsageUtility.set_isVisualScriptingUsed (System.Boolean value) [0x0002c] in D:\Clicker\Clicker\Library\PackageCache\com.unity.visualscripting@1.8.0\Editor\VisualScripting.Core\Utilities\VSUsageUtility.cs:114 
  at Unity.VisualScripting.VSUsageUtility.CheckAndSetIsVisualScriptingUsed () [0x00032] in D:\Clicker\Clicker\Library\PackageCache\com.unity.visualscripting@1.8.0\Editor\VisualScripting.Core\Utilities\VSUsageUtility.cs:48 
  at Unity.VisualScripting.VSUsageUtility..cctor () [0x00000] in D:\Clicker\Clicker\Library\PackageCache\com.unity.visualscripting@1.8.0\Editor\VisualScripting.Core\Utilities\VSUsageUtility.cs:22 
UnityEngine.StackTraceUtility:ExtractStackTrace ()
UnityEngine.DebugLogHandler:LogFormat (UnityEngine.LogType,UnityEngine.Object,string,object[])
UnityEngine.Logger:Log (UnityEngine.LogType,object)
UnityEngine.Debug:LogError (object)
UnityEditor.EditorAssemblies:ProcessInitializeOnLoadAttributes (System.Type[])

Mono: successfully reloaded assembly
- Completed reload, in  2.850 seconds
Domain Reload Profiling:
	ReloadAssembly (2851ms)
		BeginReloadAssembly (261ms)
			ExecutionOrderSort (0ms)
			DisableScriptedObjects (11ms)
			BackupInstance (0ms)
			ReleaseScriptingObjects (0ms)
			CreateAndSetChildDomain (126ms)
		EndReloadAssembly (2416ms)
			LoadAssemblies (123ms)
			RebuildTransferFunctionScriptingTraits (0ms)
			SetupTypeCache (393ms)
			ReleaseScriptCaches (1ms)
			RebuildScriptCaches (104ms)
			SetupLoadedEditorAssemblies (1718ms)
				LogAssemblyErrors (0ms)
				InitializePlatformSupportModulesInManaged (18ms)
				SetLoadedEditorAssemblies (0ms)
				RefreshPlugins (185ms)
				BeforeProcessingInitializeOnLoad (175ms)
				ProcessInitializeOnLoadAttributes (1201ms)
				ProcessInitializeOnLoadMethodAttributes (136ms)
				AfterProcessingInitializeOnLoad (3ms)
				EditorAssembliesLoaded (0ms)
			ExecutionOrderSort2 (0ms)
			AwakeInstancesAfterBackupRestoration (7ms)
Platform modules already initialized, skipping
========================================================================
Worker process is ready to serve import requests
Launched and connected shader compiler UnityShaderCompiler.exe after 0.03 seconds
Refreshing native plugins compatible for Editor in 2.33 ms, found 6 plugins.
Preloading 0 native plugins for Editor in 0.00 ms.
Unloading 4871 Unused Serialized files (Serialized files now loaded: 0)
Unloading 135 unused Assets / (59.6 KB). Loaded Objects now: 5253.
Memory consumption went from 175.7 MB to 175.6 MB.
Total: 23.535503 ms (FindLiveObjects: 0.873203 ms CreateObjectMapping: 0.278519 ms MarkObjects: 22.222866 ms  DeleteObjects: 0.158249 ms)

AssetImportParameters requested are different than current active one (requested -> active):
  custom:video-decoder-ogg-theora: a1e56fd34408186e4bbccfd4996cb3dc -> 
  custom:container-muxer-webm: aa71ff27fc2769a1b78a27578f13a17b -> 
  custom:container-demuxer-webm: 4f35f7cbe854078d1ac9338744f61a02 -> 
  custom:video-encoder-webm-vp8: eb34c28f22e8b96e1ab97ce403110664 -> 
  custom:video-codec-MediaFoundation-h265: 55f8c8538cf0483ab7069ead6b737db2 -> 
  custom:audio-encoder-webm-vorbis: bf7c407c2cedff20999df2af8eb42d56 -> 
  custom:framework-win-MediaFoundation: 216162199b28c13a410421893ffa2e32 -> 
  custom:container-demuxer-ogg: 62fdf1f143b41e24485cea50d1cbac27 -> 
  custom:video-decoder-webm-vp8: 9c59270c3fd7afecdb556c50c9e8de78 -> 
  custom:audio-decoder-ogg-vorbis: bf7c407c2cedff20999df2af8eb42d56 -> 
========================================================================
Received Import Request.
  Time since last request: 701431.525681 seconds.
  path: Assets/Resources/Prefab/NewAchiwment.prefab
  artifactKey: Guid(02c255940ef3811479c27b8096ca9f4e) Importer(815301076,1909f56bfc062723c751e8b465ee728b)
Start importing Assets/Resources/Prefab/NewAchiwment.prefab using Guid(02c255940ef3811479c27b8096ca9f4e) Importer(815301076,1909f56bfc062723c751e8b465ee728b)  -> (artifact id: '164260ca61b6235dea165d810a74aa7f') in 0.110771 seconds 
========================================================================
Received Import Request.
  Time since last request: 0.000029 seconds.
  path: Assets/Resources/Prefab/Ship_6.prefab
  artifactKey: Guid(446ee85e6403b02458377d394bc83dab) Importer(815301076,1909f56bfc062723c751e8b465ee728b)
Start importing Assets/Resources/Prefab/Ship_6.prefab using Guid(446ee85e6403b02458377d394bc83dab) Importer(815301076,1909f56bfc062723c751e8b465ee728b)  -> (artifact id: '81f68ed50ea6cb56371f99127f3f848a') in 0.272285 seconds 
========================================================================
Received Import Request.
  Time since last request: 0.000031 seconds.
  path: Assets/Resources/Prefab/Ship_1.prefab
  artifactKey: Guid(ba4a6f193dcd4304eb285e6d503da663) Importer(815301076,1909f56bfc062723c751e8b465ee728b)
Start importing Assets/Resources/Prefab/Ship_1.prefab using Guid(ba4a6f193dcd4304eb285e6d503da663) Importer(815301076,1909f56bfc062723c751e8b465ee728b)  -> (artifact id: 'b1d086956c882573583d0b08f71097b3') in 0.167235 seconds 
========================================================================
Received Import Request.
  Time since last request: 0.000039 seconds.
  path: Assets/Resources/Prefab/Ship_2.prefab
  artifactKey: Guid(42ce02cf439f2634985a7a77279f733f) Importer(815301076,1909f56bfc062723c751e8b465ee728b)
Start importing Assets/Resources/Prefab/Ship_2.prefab using Guid(42ce02cf439f2634985a7a77279f733f) Importer(815301076,1909f56bfc062723c751e8b465ee728b)  -> (artifact id: 'a5a08b778a82bbedd40218ecb3a8a449') in 0.116987 seconds 
========================================================================
Received Import Request.
  Time since last request: 0.000029 seconds.
  path: Assets/Resources/Prefab/Ship_5.prefab
  artifactKey: Guid(116f1f3380a3f324d8f354cf00c8899f) Importer(815301076,1909f56bfc062723c751e8b465ee728b)
Start importing Assets/Resources/Prefab/Ship_5.prefab using Guid(116f1f3380a3f324d8f354cf00c8899f) Importer(815301076,1909f56bfc062723c751e8b465ee728b)  -> (artifact id: 'dc41f674a467be1518ac5971c26a736c') in 0.135206 seconds 
========================================================================
Received Import Request.
  Time since last request: 0.000031 seconds.
  path: Assets/Resources/Prefab/Ship_4.prefab
  artifactKey: Guid(0fdea0c458ab7bb4085abd248db84d70) Importer(815301076,1909f56bfc062723c751e8b465ee728b)
Start importing Assets/Resources/Prefab/Ship_4.prefab using Guid(0fdea0c458ab7bb4085abd248db84d70) Importer(815301076,1909f56bfc062723c751e8b465ee728b)  -> (artifact id: '067120470d6a84571c54e309abcaf983') in 0.126627 seconds 
========================================================================
Received Import Request.
  Time since last request: 0.000043 seconds.
  path: Assets/Resources/Prefab/Ship_3.prefab
  artifactKey: Guid(91f4009723938de4495453d294867872) Importer(815301076,1909f56bfc062723c751e8b465ee728b)
Start importing Assets/Resources/Prefab/Ship_3.prefab using Guid(91f4009723938de4495453d294867872) Importer(815301076,1909f56bfc062723c751e8b465ee728b)  -> (artifact id: 'c3b6f70616a2ddfa82e9fcec5de0e3dc') in 0.138024 seconds 
========================================================================
Received Import Request.
  Time since last request: 0.000030 seconds.
  path: Assets/Resources/Prefab/Ship_0.prefab
  artifactKey: Guid(58f01fbc9bd723a4aa7a88f7b4adb085) Importer(815301076,1909f56bfc062723c751e8b465ee728b)
Start importing Assets/Resources/Prefab/Ship_0.prefab using Guid(58f01fbc9bd723a4aa7a88f7b4adb085) Importer(815301076,1909f56bfc062723c751e8b465ee728b)  -> (artifact id: '6ba580eef172fe23c33e3d0f85c21824') in 0.123135 seconds 
========================================================================
Received Import Request.
  Time since last request: 2371.854460 seconds.
  path: Assets/Resources/Prefab/Abysal.prefab
  artifactKey: Guid(3357a6c38a9cf95458fdee13f7dc2d1b) Importer(815301076,1909f56bfc062723c751e8b465ee728b)
Start importing Assets/Resources/Prefab/Abysal.prefab using Guid(3357a6c38a9cf95458fdee13f7dc2d1b) Importer(815301076,1909f56bfc062723c751e8b465ee728b)  -> (artifact id: 'd7d64aae4a06a9d6c44707463adefc6b') in 0.122121 seconds 
========================================================================
Received Import Request.
  Time since last request: 0.000131 seconds.
  path: Assets/Resources/Prefab/Ship_6.prefab
  artifactKey: Guid(446ee85e6403b02458377d394bc83dab) Importer(815301076,1909f56bfc062723c751e8b465ee728b)
Start importing Assets/Resources/Prefab/Ship_6.prefab using Guid(446ee85e6403b02458377d394bc83dab) Importer(815301076,1909f56bfc062723c751e8b465ee728b)  -> (artifact id: '3744d1ab5e21e5509ec373aa39b2fcc1') in 0.140260 seconds 
========================================================================
Received Import Request.
  Time since last request: 0.000036 seconds.
  path: Assets/Resources/Prefab/Bottle.prefab
  artifactKey: Guid(cb03610fbe999f94c8ca37a3c7ee52a3) Importer(815301076,1909f56bfc062723c751e8b465ee728b)
Start importing Assets/Resources/Prefab/Bottle.prefab using Guid(cb03610fbe999f94c8ca37a3c7ee52a3) Importer(815301076,1909f56bfc062723c751e8b465ee728b)  -> (artifact id: 'ea8e7c50ba7b0cb2fed45409a6466401') in 0.050847 seconds 
========================================================================
Received Import Request.
  Time since last request: 0.000028 seconds.
  path: Assets/Resources/Prefab/Rock.prefab
  artifactKey: Guid(4c38516e111e9994785caed2d23765c1) Importer(815301076,1909f56bfc062723c751e8b465ee728b)
Start importing Assets/Resources/Prefab/Rock.prefab using Guid(4c38516e111e9994785caed2d23765c1) Importer(815301076,1909f56bfc062723c751e8b465ee728b)  -> (artifact id: '0acdd7a6e0c25755e53f0ed2c142ab45') in 0.060908 seconds 
========================================================================
Received Import Request.
  Time since last request: 0.000029 seconds.
  path: Assets/Resources/Prefab/Ship_1.prefab
  artifactKey: Guid(ba4a6f193dcd4304eb285e6d503da663) Importer(815301076,1909f56bfc062723c751e8b465ee728b)
Start importing Assets/Resources/Prefab/Ship_1.prefab using Guid(ba4a6f193dcd4304eb285e6d503da663) Importer(815301076,1909f56bfc062723c751e8b465ee728b)  -> (artifact id: '35b7fbc22b67e2b967de78f69dc053d6') in 0.098719 seconds 
========================================================================
Received Import Request.
  Time since last request: 0.000031 seconds.
  path: Assets/Resources/Prefab/Ship_2.prefab
  artifactKey: Guid(42ce02cf439f2634985a7a77279f733f) Importer(815301076,1909f56bfc062723c751e8b465ee728b)
Start importing Assets/Resources/Prefab/Ship_2.prefab using Guid(42ce02cf439f2634985a7a77279f733f) Importer(815301076,1909f56bfc062723c751e8b465ee728b)  -> (artifact id: '8d0dab9fd9d83a43e5ff9bb641fe66a8') in 0.144360 seconds 
========================================================================
Received Import Request.
  Time since last request: 0.000038 seconds.
  path: Assets/Resources/Prefab/Fish.prefab
  artifactKey: Guid(199342a810d1cf842ab358f6022c01d2) Importer(815301076,1909f56bfc062723c751e8b465ee728b)
Start importing Assets/Resources/Prefab/Fish.prefab using Guid(199342a810d1cf842ab358f6022c01d2) Importer(815301076,1909f56bfc062723c751e8b465ee728b)  -> (artifact id: 'b8d904db1f5113303328ec0b79379454') in 0.056703 seconds 
========================================================================
Received Import Request.
  Time since last request: 0.000028 seconds.
  path: Assets/Resources/Prefab/Ship_5.prefab
  artifactKey: Guid(116f1f3380a3f324d8f354cf00c8899f) Importer(815301076,1909f56bfc062723c751e8b465ee728b)
Start importing Assets/Resources/Prefab/Ship_5.prefab using Guid(116f1f3380a3f324d8f354cf00c8899f) Importer(815301076,1909f56bfc062723c751e8b465ee728b)  -> (artifact id: 'e4bbcf88dfece45f3cd6f395d5e1a9c5') in 0.093996 seconds 
========================================================================
Received Import Request.
  Time since last request: 0.000029 seconds.
  path: Assets/Resources/Prefab/Bubble.prefab
  artifactKey: Guid(37eec68f088d3e74082f59ad65323eee) Importer(815301076,1909f56bfc062723c751e8b465ee728b)
Start importing Assets/Resources/Prefab/Bubble.prefab using Guid(37eec68f088d3e74082f59ad65323eee) Importer(815301076,1909f56bfc062723c751e8b465ee728b)  -> (artifact id: '09bbbe834cc265e081ebf2e2c4658387') in 0.046194 seconds 
========================================================================
Received Import Request.
  Time since last request: 0.000035 seconds.
  path: Assets/Resources/Prefab/Ship_4.prefab
  artifactKey: Guid(0fdea0c458ab7bb4085abd248db84d70) Importer(815301076,1909f56bfc062723c751e8b465ee728b)
Start importing Assets/Resources/Prefab/Ship_4.prefab using Guid(0fdea0c458ab7bb4085abd248db84d70) Importer(815301076,1909f56bfc062723c751e8b465ee728b)  -> (artifact id: '4530e795cb39bc21e9739d80f6551ec5') in 0.102122 seconds 
========================================================================
Received Import Request.
  Time since last request: 0.000035 seconds.
  path: Assets/Resources/Prefab/Ship_3.prefab
  artifactKey: Guid(91f4009723938de4495453d294867872) Importer(815301076,1909f56bfc062723c751e8b465ee728b)
Start importing Assets/Resources/Prefab/Ship_3.prefab using Guid(91f4009723938de4495453d294867872) Importer(815301076,1909f56bfc062723c751e8b465ee728b)  -> (artifact id: '89329fabf9832c189604d1e5a6f10c2f') in 0.140836 seconds 
========================================================================
Received Import Request.
  Time since last request: 0.000028 seconds.
  path: Assets/Resources/Prefab/Ship_0.prefab
  artifactKey: Guid(58f01fbc9bd723a4aa7a88f7b4adb085) Importer(815301076,1909f56bfc062723c751e8b465ee728b)
Start importing Assets/Resources/Prefab/Ship_0.prefab using Guid(58f01fbc9bd723a4aa7a88f7b4adb085) Importer(815301076,1909f56bfc062723c751e8b465ee728b)  -> (artifact id: 'df1c428c9a01fa29bb69145fa8eeb62b') in 0.110056 seconds 
========================================================================
Received Import Request.
  Time since last request: 3.009811 seconds.
  path: Assets/Resources/Main_Image.psd
  artifactKey: Guid(ae11538e8a19457478901b5f571a9b22) Importer(815301076,1909f56bfc062723c751e8b465ee728b)
Start importing Assets/Resources/Main_Image.psd using Guid(ae11538e8a19457478901b5f571a9b22) Importer(815301076,1909f56bfc062723c751e8b465ee728b)  -> (artifact id: '508906e658d049b82d6ed534ec86b46f') in 0.497598 seconds 
========================================================================
Received Import Request.
  Time since last request: 211.497899 seconds.
  path: Assets/Resources/Main_Image.psd
  artifactKey: Guid(ae11538e8a19457478901b5f571a9b22) Importer(815301076,1909f56bfc062723c751e8b465ee728b)
Start importing Assets/Resources/Main_Image.psd using Guid(ae11538e8a19457478901b5f571a9b22) Importer(815301076,1909f56bfc062723c751e8b465ee728b)  -> (artifact id: 'db94d2efa5a0b3a002fa93d1333298f5') in 0.418163 seconds 
========================================================================
Received Import Request.
  Time since last request: 5.522949 seconds.
  path: Assets/Resources/Prefab/Abysal.prefab
  artifactKey: Guid(3357a6c38a9cf95458fdee13f7dc2d1b) Importer(815301076,1909f56bfc062723c751e8b465ee728b)
Start importing Assets/Resources/Prefab/Abysal.prefab using Guid(3357a6c38a9cf95458fdee13f7dc2d1b) Importer(815301076,1909f56bfc062723c751e8b465ee728b)  -> (artifact id: '3db83ecf48bb0fcb6919563642cc10cd') in 0.038389 seconds 
========================================================================
Received Import Request.
  Time since last request: 0.000026 seconds.
  path: Assets/Resources/Prefab/Ship_6.prefab
  artifactKey: Guid(446ee85e6403b02458377d394bc83dab) Importer(815301076,1909f56bfc062723c751e8b465ee728b)
Start importing Assets/Resources/Prefab/Ship_6.prefab using Guid(446ee85e6403b02458377d394bc83dab) Importer(815301076,1909f56bfc062723c751e8b465ee728b)  -> (artifact id: '26dc41f4f294c5698f10b4b985a66b0f') in 0.149826 seconds 
========================================================================
Received Import Request.
  Time since last request: 0.000035 seconds.
  path: Assets/Resources/Prefab/Bottle.prefab
  artifactKey: Guid(cb03610fbe999f94c8ca37a3c7ee52a3) Importer(815301076,1909f56bfc062723c751e8b465ee728b)
Start importing Assets/Resources/Prefab/Bottle.prefab using Guid(cb03610fbe999f94c8ca37a3c7ee52a3) Importer(815301076,1909f56bfc062723c751e8b465ee728b)  -> (artifact id: 'eb598e3f7aab7c6e57bff9b542ab3a3b') in 0.061242 seconds 
========================================================================
Received Import Request.
  Time since last request: 0.000034 seconds.
  path: Assets/Resources/Prefab/Rock.prefab
  artifactKey: Guid(4c38516e111e9994785caed2d23765c1) Importer(815301076,1909f56bfc062723c751e8b465ee728b)
Start importing Assets/Resources/Prefab/Rock.prefab using Guid(4c38516e111e9994785caed2d23765c1) Importer(815301076,1909f56bfc062723c751e8b465ee728b)  -> (artifact id: 'de846b2cc8a0b1f5310552f19b48901f') in 0.075513 seconds 
========================================================================
Received Import Request.
  Time since last request: 0.000030 seconds.
  path: Assets/Resources/Prefab/Ship_1.prefab
  artifactKey: Guid(ba4a6f193dcd4304eb285e6d503da663) Importer(815301076,1909f56bfc062723c751e8b465ee728b)
Start importing Assets/Resources/Prefab/Ship_1.prefab using Guid(ba4a6f193dcd4304eb285e6d503da663) Importer(815301076,1909f56bfc062723c751e8b465ee728b)  -> (artifact id: '74f257a07a25b07ab348b3d033da9d27') in 0.129322 seconds 
========================================================================
Received Import Request.
  Time since last request: 0.000033 seconds.
  path: Assets/Resources/Prefab/Ship_2.prefab
  artifactKey: Guid(42ce02cf439f2634985a7a77279f733f) Importer(815301076,1909f56bfc062723c751e8b465ee728b)
Start importing Assets/Resources/Prefab/Ship_2.prefab using Guid(42ce02cf439f2634985a7a77279f733f) Importer(815301076,1909f56bfc062723c751e8b465ee728b)  -> (artifact id: 'fa38acf542b2c3d87b6959cfc54fe85f') in 0.143590 seconds 
========================================================================
Received Import Request.
  Time since last request: 0.000037 seconds.
  path: Assets/Resources/Prefab/Fish.prefab
  artifactKey: Guid(199342a810d1cf842ab358f6022c01d2) Importer(815301076,1909f56bfc062723c751e8b465ee728b)
Start importing Assets/Resources/Prefab/Fish.prefab using Guid(199342a810d1cf842ab358f6022c01d2) Importer(815301076,1909f56bfc062723c751e8b465ee728b)  -> (artifact id: '303e28c673dfa7b901b192ced6bde985') in 0.054642 seconds 
========================================================================
Received Import Request.
  Time since last request: 0.000033 seconds.
  path: Assets/Resources/Prefab/Ship_5.prefab
  artifactKey: Guid(116f1f3380a3f324d8f354cf00c8899f) Importer(815301076,1909f56bfc062723c751e8b465ee728b)
Start importing Assets/Resources/Prefab/Ship_5.prefab using Guid(116f1f3380a3f324d8f354cf00c8899f) Importer(815301076,1909f56bfc062723c751e8b465ee728b)  -> (artifact id: 'def5203d96a80a22b820bd6809d6d37d') in 0.132437 seconds 
========================================================================
Received Import Request.
  Time since last request: 0.000031 seconds.
  path: Assets/Resources/Prefab/Bubble.prefab
  artifactKey: Guid(37eec68f088d3e74082f59ad65323eee) Importer(815301076,1909f56bfc062723c751e8b465ee728b)
Start importing Assets/Resources/Prefab/Bubble.prefab using Guid(37eec68f088d3e74082f59ad65323eee) Importer(815301076,1909f56bfc062723c751e8b465ee728b)  -> (artifact id: '4014ef80c004874f4e0e930c33a03f3b') in 0.039156 seconds 
========================================================================
Received Import Request.
  Time since last request: 0.000036 seconds.
  path: Assets/Resources/Prefab/Ship_4.prefab
  artifactKey: Guid(0fdea0c458ab7bb4085abd248db84d70) Importer(815301076,1909f56bfc062723c751e8b465ee728b)
Start importing Assets/Resources/Prefab/Ship_4.prefab using Guid(0fdea0c458ab7bb4085abd248db84d70) Importer(815301076,1909f56bfc062723c751e8b465ee728b)  -> (artifact id: 'ff33e29c9431943cb9b978ce3fe4b351') in 0.106435 seconds 
========================================================================
Received Import Request.
  Time since last request: 0.000027 seconds.
  path: Assets/Resources/Prefab/Ship_3.prefab
  artifactKey: Guid(91f4009723938de4495453d294867872) Importer(815301076,1909f56bfc062723c751e8b465ee728b)
Start importing Assets/Resources/Prefab/Ship_3.prefab using Guid(91f4009723938de4495453d294867872) Importer(815301076,1909f56bfc062723c751e8b465ee728b)  -> (artifact id: '26d2e01e8fbb2d319939f8d9f241cfd9') in 0.140934 seconds 
========================================================================
Received Import Request.
  Time since last request: 0.000030 seconds.
  path: Assets/Resources/Prefab/Ship_0.prefab
  artifactKey: Guid(58f01fbc9bd723a4aa7a88f7b4adb085) Importer(815301076,1909f56bfc062723c751e8b465ee728b)
Start importing Assets/Resources/Prefab/Ship_0.prefab using Guid(58f01fbc9bd723a4aa7a88f7b4adb085) Importer(815301076,1909f56bfc062723c751e8b465ee728b)  -> (artifact id: '2f8d7377a75738b5753ab354a7d7b55b') in 0.132877 seconds 
========================================================================
Received Import Request.
  Time since last request: 27.147756 seconds.
  path: Assets/Resources/Main_Image.psd
  artifactKey: Guid(ae11538e8a19457478901b5f571a9b22) Importer(815301076,1909f56bfc062723c751e8b465ee728b)
Start importing Assets/Resources/Main_Image.psd using Guid(ae11538e8a19457478901b5f571a9b22) Importer(815301076,1909f56bfc062723c751e8b465ee728b)  -> (artifact id: '73bc2e929a23cc42400e7210506953c5') in 0.457446 seconds 
========================================================================
Received Prepare
Registering precompiled user dll's ...
Registered in 0.011212 seconds.
Begin MonoManager ReloadAssembly
Symbol file LoadedFromMemory doesn't match image D:\Clicker\Clicker\Library\PackageCache\com.unity.visualscripting@1.8.0\Editor\VisualScripting.Core\Dependencies\DotNetZip\Unity.VisualScripting.IonicZip.dll
Symbol file LoadedFromMemory doesn't match image D:\Clicker\Clicker\Library\PackageCache\com.unity.visualscripting@1.8.0\Editor\VisualScripting.Core\Dependencies\YamlDotNet\Unity.VisualScripting.YamlDotNet.dll
Native extension for WindowsStandalone target not found
Native extension for Android target not found
Refreshing native plugins compatible for Editor in 2.39 ms, found 6 plugins.
Preloading 0 native plugins for Editor in 0.00 ms.
System.Exception: Error! Visual Scripting: couldn't find visual scripting package
  at Unity.VisualScripting.PackageVersionUtility.get_version () [0x00043] in D:\Clicker\Clicker\Library\PackageCache\com.unity.visualscripting@1.8.0\Editor\VisualScripting.Core\Utilities\PackageVersionUtility.cs:31 
  at Unity.VisualScripting.BoltCoreManifest.get_version () [0x00000] in D:\Clicker\Clicker\Library\PackageCache\com.unity.visualscripting@1.8.0\Editor\VisualScripting.Core\Plugin\BoltCoreManifest.cs:11 
  at Unity.VisualScripting.PluginManifest.get_currentVersion () [0x00000] in D:\Clicker\Clicker\Library\PackageCache\com.unity.visualscripting@1.8.0\Editor\VisualScripting.Core\Plugins\PluginManifest.cs:33 
  at Unity.VisualScripting.PluginManifest.get_versionMismatch () [0x00000] in D:\Clicker\Clicker\Library\PackageCache\com.unity.visualscripting@1.8.0\Editor\VisualScripting.Core\Plugins\PluginManifest.cs:48 
  at Unity.VisualScripting.PluginContainer.Initialize () [0x00525] in D:\Clicker\Clicker\Library\PackageCache\com.unity.visualscripting@1.8.0\Editor\VisualScripting.Core\Plugins\PluginContainer.cs:208 
  at Unity.VisualScripting.PluginContainer.InitializeOnLoad () [0x00009] in D:\Clicker\Clicker\Library\PackageCache\com.unity.visualscripting@1.8.0\Editor\VisualScripting.Core\Plugins\PluginContainer.cs:32 
  at Unity.VisualScripting.VSUsageUtility.DoInitializeOnLoadCalls () [0x00034] in D:\Clicker\Clicker\Library\PackageCache\com.unity.visualscripting@1.8.0\Editor\VisualScripting.Core\Utilities\VSUsageUtility.cs:76 
  at Unity.VisualScripting.VSUsageUtility.set_isVisualScriptingUsed (System.Boolean value) [0x0002c] in D:\Clicker\Clicker\Library\PackageCache\com.unity.visualscripting@1.8.0\Editor\VisualScripting.Core\Utilities\VSUsageUtility.cs:114 
  at Unity.VisualScripting.VSUsageUtility.CheckAndSetIsVisualScriptingUsed () [0x0000d] in D:\Clicker\Clicker\Library\PackageCache\com.unity.visualscripting@1.8.0\Editor\VisualScripting.Core\Utilities\VSUsageUtility.cs:33 
  at Unity.VisualScripting.VSUsageUtility..cctor () [0x00000] in D:\Clicker\Clicker\Library\PackageCache\com.unity.visualscripting@1.8.0\Editor\VisualScripting.Core\Utilities\VSUsageUtility.cs:22 
UnityEngine.StackTraceUtility:ExtractStackTrace ()
UnityEngine.DebugLogHandler:LogFormat (UnityEngine.LogType,UnityEngine.Object,string,object[])
UnityEngine.Logger:Log (UnityEngine.LogType,object)
UnityEngine.Debug:LogError (object)
UnityEditor.EditorAssemblies:ProcessInitializeOnLoadAttributes (System.Type[])

Mono: successfully reloaded assembly
- Completed reload, in  2.713 seconds
Domain Reload Profiling:
	ReloadAssembly (2714ms)
		BeginReloadAssembly (274ms)
			ExecutionOrderSort (0ms)
			DisableScriptedObjects (22ms)
			BackupInstance (0ms)
			ReleaseScriptingObjects (0ms)
			CreateAndSetChildDomain (98ms)
		EndReloadAssembly (2287ms)
			LoadAssemblies (131ms)
			RebuildTransferFunctionScriptingTraits (0ms)
			SetupTypeCache (401ms)
			ReleaseScriptCaches (2ms)
			RebuildScriptCaches (102ms)
			SetupLoadedEditorAssemblies (1207ms)
				LogAssemblyErrors (0ms)
				InitializePlatformSupportModulesInManaged (31ms)
				SetLoadedEditorAssemblies (1ms)
				RefreshPlugins (2ms)
				BeforeProcessingInitializeOnLoad (135ms)
				ProcessInitializeOnLoadAttributes (885ms)
				ProcessInitializeOnLoadMethodAttributes (149ms)
				AfterProcessingInitializeOnLoad (4ms)
				EditorAssembliesLoaded (0ms)
			ExecutionOrderSort2 (0ms)
			AwakeInstancesAfterBackupRestoration (14ms)
Platform modules already initialized, skipping
Refreshing native plugins compatible for Editor in 18.15 ms, found 6 plugins.
Preloading 0 native plugins for Editor in 0.00 ms.
Unloading 4840 Unused Serialized files (Serialized files now loaded: 0)
Unloading 124 unused Assets / (30.1 KB). Loaded Objects now: 5348.
Memory consumption went from 177.8 MB to 177.7 MB.
Total: 22.495055 ms (FindLiveObjects: 0.845551 ms CreateObjectMapping: 0.289513 ms MarkObjects: 21.253381 ms  DeleteObjects: 0.104611 ms)

AssetImportParameters requested are different than current active one (requested -> active):
  custom:video-decoder-ogg-theora: a1e56fd34408186e4bbccfd4996cb3dc -> 
  custom:container-muxer-webm: aa71ff27fc2769a1b78a27578f13a17b -> 
  custom:container-demuxer-webm: 4f35f7cbe854078d1ac9338744f61a02 -> 
  custom:video-encoder-webm-vp8: eb34c28f22e8b96e1ab97ce403110664 -> 
  custom:video-codec-MediaFoundation-h265: 55f8c8538cf0483ab7069ead6b737db2 -> 
  custom:audio-encoder-webm-vorbis: bf7c407c2cedff20999df2af8eb42d56 -> 
  custom:framework-win-MediaFoundation: 216162199b28c13a410421893ffa2e32 -> 
  custom:container-demuxer-ogg: 62fdf1f143b41e24485cea50d1cbac27 -> 
  custom:video-decoder-webm-vp8: 9c59270c3fd7afecdb556c50c9e8de78 -> 
  custom:audio-decoder-ogg-vorbis: bf7c407c2cedff20999df2af8eb42d56 -> 
========================================================================
Received Import Request.
  Time since last request: 102.511293 seconds.
  path: Assets/Resources/Prefab/Abysal.prefab
  artifactKey: Guid(3357a6c38a9cf95458fdee13f7dc2d1b) Importer(815301076,1909f56bfc062723c751e8b465ee728b)
Start importing Assets/Resources/Prefab/Abysal.prefab using Guid(3357a6c38a9cf95458fdee13f7dc2d1b) Importer(815301076,1909f56bfc062723c751e8b465ee728b)  -> (artifact id: '2dbe9f43f77daaafbf32d8b0cf86f587') in 0.113278 seconds 
========================================================================
Received Import Request.
  Time since last request: 0.000030 seconds.
  path: Assets/Resources/Prefab/Ship_6.prefab
  artifactKey: Guid(446ee85e6403b02458377d394bc83dab) Importer(815301076,1909f56bfc062723c751e8b465ee728b)
Start importing Assets/Resources/Prefab/Ship_6.prefab using Guid(446ee85e6403b02458377d394bc83dab) Importer(815301076,1909f56bfc062723c751e8b465ee728b)  -> (artifact id: '15643f36c13b2d9b95903eea04fd90e9') in 0.125907 seconds 
========================================================================
Received Import Request.
  Time since last request: 0.000034 seconds.
  path: Assets/Resources/Prefab/Bottle.prefab
  artifactKey: Guid(cb03610fbe999f94c8ca37a3c7ee52a3) Importer(815301076,1909f56bfc062723c751e8b465ee728b)
Start importing Assets/Resources/Prefab/Bottle.prefab using Guid(cb03610fbe999f94c8ca37a3c7ee52a3) Importer(815301076,1909f56bfc062723c751e8b465ee728b)  -> (artifact id: '977e7b7fb5c9abbc54cac8209ed3707a') in 0.043851 seconds 
========================================================================
Received Import Request.
  Time since last request: 0.000027 seconds.
  path: Assets/Resources/Prefab/Rock.prefab
  artifactKey: Guid(4c38516e111e9994785caed2d23765c1) Importer(815301076,1909f56bfc062723c751e8b465ee728b)
Start importing Assets/Resources/Prefab/Rock.prefab using Guid(4c38516e111e9994785caed2d23765c1) Importer(815301076,1909f56bfc062723c751e8b465ee728b)  -> (artifact id: 'd4399236662278291b3d27420f6dc6e9') in 0.054376 seconds 
========================================================================
Received Import Request.
  Time since last request: 0.000030 seconds.
  path: Assets/Resources/Prefab/Ship_1.prefab
  artifactKey: Guid(ba4a6f193dcd4304eb285e6d503da663) Importer(815301076,1909f56bfc062723c751e8b465ee728b)
Start importing Assets/Resources/Prefab/Ship_1.prefab using Guid(ba4a6f193dcd4304eb285e6d503da663) Importer(815301076,1909f56bfc062723c751e8b465ee728b)  -> (artifact id: 'f5460076d75a3c0f67cad62a2d1d5c05') in 0.108944 seconds 
========================================================================
Received Import Request.
  Time since last request: 0.000032 seconds.
  path: Assets/Resources/Prefab/Ship_2.prefab
  artifactKey: Guid(42ce02cf439f2634985a7a77279f733f) Importer(815301076,1909f56bfc062723c751e8b465ee728b)
Start importing Assets/Resources/Prefab/Ship_2.prefab using Guid(42ce02cf439f2634985a7a77279f733f) Importer(815301076,1909f56bfc062723c751e8b465ee728b)  -> (artifact id: '5102ec856fd5e3fa8f23677e5fbcc74b') in 0.119627 seconds 
========================================================================
Received Import Request.
  Time since last request: 0.000038 seconds.
  path: Assets/Resources/Prefab/Fish.prefab
  artifactKey: Guid(199342a810d1cf842ab358f6022c01d2) Importer(815301076,1909f56bfc062723c751e8b465ee728b)
Start importing Assets/Resources/Prefab/Fish.prefab using Guid(199342a810d1cf842ab358f6022c01d2) Importer(815301076,1909f56bfc062723c751e8b465ee728b)  -> (artifact id: '6db034ad97fcf1e6fb7f7fc173cd0b57') in 0.050928 seconds 
========================================================================
Received Import Request.
  Time since last request: 0.000028 seconds.
  path: Assets/Resources/Prefab/Ship_5.prefab
  artifactKey: Guid(116f1f3380a3f324d8f354cf00c8899f) Importer(815301076,1909f56bfc062723c751e8b465ee728b)
Start importing Assets/Resources/Prefab/Ship_5.prefab using Guid(116f1f3380a3f324d8f354cf00c8899f) Importer(815301076,1909f56bfc062723c751e8b465ee728b)  -> (artifact id: '0426d211e367b13f7caa520012ad7d56') in 0.120033 seconds 
========================================================================
Received Import Request.
  Time since last request: 0.000037 seconds.
  path: Assets/Resources/Prefab/Bubble.prefab
  artifactKey: Guid(37eec68f088d3e74082f59ad65323eee) Importer(815301076,1909f56bfc062723c751e8b465ee728b)
Start importing Assets/Resources/Prefab/Bubble.prefab using Guid(37eec68f088d3e74082f59ad65323eee) Importer(815301076,1909f56bfc062723c751e8b465ee728b)  -> (artifact id: '77a2428aa46af9b623a9fc488bed3311') in 0.039135 seconds 
========================================================================
Received Import Request.
  Time since last request: 0.000033 seconds.
  path: Assets/Resources/Prefab/Ship_4.prefab
  artifactKey: Guid(0fdea0c458ab7bb4085abd248db84d70) Importer(815301076,1909f56bfc062723c751e8b465ee728b)
Start importing Assets/Resources/Prefab/Ship_4.prefab using Guid(0fdea0c458ab7bb4085abd248db84d70) Importer(815301076,1909f56bfc062723c751e8b465ee728b)  -> (artifact id: '7414ebef8f536ea85128823b12c84c2f') in 0.103754 seconds 
========================================================================
Received Import Request.
  Time since last request: 0.000037 seconds.
  path: Assets/Resources/Prefab/Ship_3.prefab
  artifactKey: Guid(91f4009723938de4495453d294867872) Importer(815301076,1909f56bfc062723c751e8b465ee728b)
Start importing Assets/Resources/Prefab/Ship_3.prefab using Guid(91f4009723938de4495453d294867872) Importer(815301076,1909f56bfc062723c751e8b465ee728b)  -> (artifact id: '6a49cdf2305019875723c1a3ca48becb') in 0.127586 seconds 
========================================================================
Received Import Request.
  Time since last request: 0.000029 seconds.
  path: Assets/Resources/Prefab/Ship_0.prefab
  artifactKey: Guid(58f01fbc9bd723a4aa7a88f7b4adb085) Importer(815301076,1909f56bfc062723c751e8b465ee728b)
Start importing Assets/Resources/Prefab/Ship_0.prefab using Guid(58f01fbc9bd723a4aa7a88f7b4adb085) Importer(815301076,1909f56bfc062723c751e8b465ee728b)  -> (artifact id: 'd42f81ad295797c1ca6388f2575b4565') in 0.127934 seconds 
========================================================================
Received Import Request.
  Time since last request: 549.421572 seconds.
  path: Assets/Resources/Main_Image.psd
  artifactKey: Guid(ae11538e8a19457478901b5f571a9b22) Importer(815301076,1909f56bfc062723c751e8b465ee728b)
Start importing Assets/Resources/Main_Image.psd using Guid(ae11538e8a19457478901b5f571a9b22) Importer(815301076,1909f56bfc062723c751e8b465ee728b)  -> (artifact id: 'f9871cad47677ac7fa7d1b26aa2516fb') in 0.451659 seconds 
========================================================================
Received Import Request.
  Time since last request: 34.640843 seconds.
  path: Assets/Resources/Main_Image.psd
  artifactKey: Guid(ae11538e8a19457478901b5f571a9b22) Importer(815301076,1909f56bfc062723c751e8b465ee728b)
Start importing Assets/Resources/Main_Image.psd using Guid(ae11538e8a19457478901b5f571a9b22) Importer(815301076,1909f56bfc062723c751e8b465ee728b)  -> (artifact id: '64737a08581454bd1739615affb33632') in 0.400549 seconds 
========================================================================
Received Import Request.
  Time since last request: 10.983499 seconds.
  path: Assets/Resources/Main_Image.psd
  artifactKey: Guid(ae11538e8a19457478901b5f571a9b22) Importer(815301076,1909f56bfc062723c751e8b465ee728b)
Start importing Assets/Resources/Main_Image.psd using Guid(ae11538e8a19457478901b5f571a9b22) Importer(815301076,1909f56bfc062723c751e8b465ee728b)  -> (artifact id: '1cd791b8dc8262c3ddf7f0cc6c1ba6ac') in 0.347828 seconds 
========================================================================
Received Prepare
Registering precompiled user dll's ...
Registered in 0.009952 seconds.
Begin MonoManager ReloadAssembly
Symbol file LoadedFromMemory doesn't match image D:\Clicker\Clicker\Library\PackageCache\com.unity.visualscripting@1.8.0\Editor\VisualScripting.Core\Dependencies\DotNetZip\Unity.VisualScripting.IonicZip.dll
Symbol file LoadedFromMemory doesn't match image D:\Clicker\Clicker\Library\PackageCache\com.unity.visualscripting@1.8.0\Editor\VisualScripting.Core\Dependencies\YamlDotNet\Unity.VisualScripting.YamlDotNet.dll
Native extension for WindowsStandalone target not found
Native extension for Android target not found
Refreshing native plugins compatible for Editor in 2.87 ms, found 6 plugins.
Preloading 0 native plugins for Editor in 0.00 ms.
System.Exception: Error! Visual Scripting: couldn't find visual scripting package
  at Unity.VisualScripting.PackageVersionUtility.get_version () [0x00043] in D:\Clicker\Clicker\Library\PackageCache\com.unity.visualscripting@1.8.0\Editor\VisualScripting.Core\Utilities\PackageVersionUtility.cs:31 
  at Unity.VisualScripting.BoltCoreManifest.get_version () [0x00000] in D:\Clicker\Clicker\Library\PackageCache\com.unity.visualscripting@1.8.0\Editor\VisualScripting.Core\Plugin\BoltCoreManifest.cs:11 
  at Unity.VisualScripting.PluginManifest.get_currentVersion () [0x00000] in D:\Clicker\Clicker\Library\PackageCache\com.unity.visualscripting@1.8.0\Editor\VisualScripting.Core\Plugins\PluginManifest.cs:33 
  at Unity.VisualScripting.PluginManifest.get_versionMismatch () [0x00000] in D:\Clicker\Clicker\Library\PackageCache\com.unity.visualscripting@1.8.0\Editor\VisualScripting.Core\Plugins\PluginManifest.cs:48 
  at Unity.VisualScripting.PluginContainer.Initialize () [0x00525] in D:\Clicker\Clicker\Library\PackageCache\com.unity.visualscripting@1.8.0\Editor\VisualScripting.Core\Plugins\PluginContainer.cs:208 
  at Unity.VisualScripting.PluginContainer.InitializeOnLoad () [0x00009] in D:\Clicker\Clicker\Library\PackageCache\com.unity.visualscripting@1.8.0\Editor\VisualScripting.Core\Plugins\PluginContainer.cs:32 
  at Unity.VisualScripting.VSUsageUtility.DoInitializeOnLoadCalls () [0x00034] in D:\Clicker\Clicker\Library\PackageCache\com.unity.visualscripting@1.8.0\Editor\VisualScripting.Core\Utilities\VSUsageUtility.cs:76 
  at Unity.VisualScripting.VSUsageUtility.set_isVisualScriptingUsed (System.Boolean value) [0x0002c] in D:\Clicker\Clicker\Library\PackageCache\com.unity.visualscripting@1.8.0\Editor\VisualScripting.Core\Utilities\VSUsageUtility.cs:114 
  at Unity.VisualScripting.VSUsageUtility.CheckAndSetIsVisualScriptingUsed () [0x0000d] in D:\Clicker\Clicker\Library\PackageCache\com.unity.visualscripting@1.8.0\Editor\VisualScripting.Core\Utilities\VSUsageUtility.cs:33 
  at Unity.VisualScripting.VSUsageUtility..cctor () [0x00000] in D:\Clicker\Clicker\Library\PackageCache\com.unity.visualscripting@1.8.0\Editor\VisualScripting.Core\Utilities\VSUsageUtility.cs:22 
UnityEngine.StackTraceUtility:ExtractStackTrace ()
UnityEngine.DebugLogHandler:LogFormat (UnityEngine.LogType,UnityEngine.Object,string,object[])
UnityEngine.Logger:Log (UnityEngine.LogType,object)
UnityEngine.Debug:LogError (object)
UnityEditor.EditorAssemblies:ProcessInitializeOnLoadAttributes (System.Type[])

Mono: successfully reloaded assembly
- Completed reload, in  2.709 seconds
Domain Reload Profiling:
	ReloadAssembly (2710ms)
		BeginReloadAssembly (224ms)
			ExecutionOrderSort (0ms)
			DisableScriptedObjects (19ms)
			BackupInstance (0ms)
			ReleaseScriptingObjects (0ms)
			CreateAndSetChildDomain (72ms)
		EndReloadAssembly (2337ms)
			LoadAssemblies (124ms)
			RebuildTransferFunctionScriptingTraits (0ms)
			SetupTypeCache (403ms)
			ReleaseScriptCaches (2ms)
			RebuildScriptCaches (113ms)
			SetupLoadedEditorAssemblies (1241ms)
				LogAssemblyErrors (0ms)
				InitializePlatformSupportModulesInManaged (31ms)
				SetLoadedEditorAssemblies (1ms)
				RefreshPlugins (3ms)
				BeforeProcessingInitializeOnLoad (150ms)
				ProcessInitializeOnLoadAttributes (889ms)
				ProcessInitializeOnLoadMethodAttributes (163ms)
				AfterProcessingInitializeOnLoad (4ms)
				EditorAssembliesLoaded (0ms)
			ExecutionOrderSort2 (0ms)
			AwakeInstancesAfterBackupRestoration (15ms)
Platform modules already initialized, skipping
Refreshing native plugins compatible for Editor in 20.90 ms, found 6 plugins.
Preloading 0 native plugins for Editor in 0.00 ms.
Unloading 4840 Unused Serialized files (Serialized files now loaded: 0)
Unloading 124 unused Assets / (30.1 KB). Loaded Objects now: 5354.
Memory consumption went from 177.8 MB to 177.8 MB.
Total: 23.969939 ms (FindLiveObjects: 0.772923 ms CreateObjectMapping: 0.270190 ms MarkObjects: 22.818550 ms  DeleteObjects: 0.106943 ms)

AssetImportParameters requested are different than current active one (requested -> active):
  custom:video-decoder-ogg-theora: a1e56fd34408186e4bbccfd4996cb3dc -> 
  custom:container-muxer-webm: aa71ff27fc2769a1b78a27578f13a17b -> 
  custom:container-demuxer-webm: 4f35f7cbe854078d1ac9338744f61a02 -> 
  custom:video-encoder-webm-vp8: eb34c28f22e8b96e1ab97ce403110664 -> 
  custom:video-codec-MediaFoundation-h265: 55f8c8538cf0483ab7069ead6b737db2 -> 
  custom:audio-encoder-webm-vorbis: bf7c407c2cedff20999df2af8eb42d56 -> 
  custom:framework-win-MediaFoundation: 216162199b28c13a410421893ffa2e32 -> 
  custom:container-demuxer-ogg: 62fdf1f143b41e24485cea50d1cbac27 -> 
  custom:video-decoder-webm-vp8: 9c59270c3fd7afecdb556c50c9e8de78 -> 
  custom:audio-decoder-ogg-vorbis: bf7c407c2cedff20999df2af8eb42d56 -> 
========================================================================
Received Import Request.
  Time since last request: 119.787156 seconds.
  path: Assets/Resources/Main_Image.psd
  artifactKey: Guid(ae11538e8a19457478901b5f571a9b22) Importer(815301076,1909f56bfc062723c751e8b465ee728b)
Start importing Assets/Resources/Main_Image.psd using Guid(ae11538e8a19457478901b5f571a9b22) Importer(815301076,1909f56bfc062723c751e8b465ee728b)  -> (artifact id: 'b0681a5b430237cdd7b74982449fc63f') in 0.449122 seconds 
========================================================================
Received Import Request.
  Time since last request: 32.157264 seconds.
  path: Assets/Resources/Main_Image.psd
  artifactKey: Guid(ae11538e8a19457478901b5f571a9b22) Importer(815301076,1909f56bfc062723c751e8b465ee728b)
Start importing Assets/Resources/Main_Image.psd using Guid(ae11538e8a19457478901b5f571a9b22) Importer(815301076,1909f56bfc062723c751e8b465ee728b)  -> (artifact id: '416bb2bc6e8653e4ce2ea1af327938d7') in 0.395595 seconds 
========================================================================
Received Import Request.
  Time since last request: 14.511128 seconds.
  path: Assets/Resources/Main_Image.psd
  artifactKey: Guid(ae11538e8a19457478901b5f571a9b22) Importer(815301076,1909f56bfc062723c751e8b465ee728b)
Start importing Assets/Resources/Main_Image.psd using Guid(ae11538e8a19457478901b5f571a9b22) Importer(815301076,1909f56bfc062723c751e8b465ee728b)  -> (artifact id: '3d7046d0f729124dcd11cbc20b2ad3b9') in 0.349883 seconds 
